<?xml version="1.0" encoding="UTF-8"?>
<!-- Generated by org.testng.reporters.JUnitXMLReporter -->
<testsuite ignored="0" hostname="DESKTOP-DJ4FDME" failures="0" tests="3" name="Default test" time="52.909" errors="0" timestamp="2024-10-11T08:14:58 IST">
  <testcase classname="org.wipro.automation.uo.testcases.SignupScenario" name="tc002_signupvalidation_validcredentail" time="3.116"/>
  <testcase classname="org.wipro.automation.uo.testcases.SignupScenario" name="tc002_signupvalidation_validcredentail" time="8.078"/>
  <testcase classname="org.wipro.automation.uo.testcases.SignupScenario" name="tc002_signupvalidation_validcredentail" time="6.91"/>
</testsuite> <!-- Default test -->
