<?xml version="1.0" encoding="UTF-8"?>
<!-- Generated by org.testng.reporters.JUnitXMLReporter -->
<testsuite ignored="3" hostname="DESKTOP-DJ4FDME" failures="3" tests="85" name="Test" time="12.738" errors="0" timestamp="2024-10-08T08:10:53 IST">
  <testcase classname="testNGDemo.TestScenario7" name="fifth_testcase" time="0.011"/>
  <testcase classname="testNGDemo.TestScenario7" name="first_testcase" time="0.003"/>
  <testcase classname="testNGDemo.TestScenario7" name="forth_testcase" time="0.002"/>
  <testcase classname="testNGDemo.TestScenario7" name="second_testcase" time="0.001"/>
  <testcase classname="testNGDemo.TestScenario7" name="seventh_testcase" time="0.026">
    <failure type="java.lang.AssertionError" message="expected [Hello1] but found [Hello]">
      <![CDATA[java.lang.AssertionError: expected [Hello1] but found [Hello]
at testNGDemo.TestScenario7.seventh_testcase(TestScenario7.java:49)
at java.base/java.util.ArrayList.forEach(ArrayList.java:1511)
... Removed 33 stack frames]]>
    </failure>
  </testcase> <!-- seventh_testcase -->
  <testcase classname="testNGDemo.TestScenario7" name="sixth_testcase" time="0.002"/>
  <testcase classname="testNGDemo.TestScenario7" name="third_testcase" time="0.002"/>
  <testcase classname="testNGDemo.TestScenario6" name="fifth_testcase" time="0.002"/>
  <testcase classname="testNGDemo.TestScenario6" name="first_testcase" time="0.002"/>
  <testcase classname="testNGDemo.TestScenario6" name="forth_testcase" time="0.003"/>
  <testcase classname="testNGDemo.TestScenario6" name="second_testcase" time="0.002"/>
  <testcase classname="testNGDemo.TestScenario6" name="seventh_testcase" time="0.003"/>
  <testcase classname="testNGDemo.TestScenario6" name="sixth_testcase" time="0.002"/>
  <testcase classname="testNGDemo.TestScenario6" name="third_testcase" time="0.002"/>
  <testcase classname="testNGDemo.TestScenario5" name="fifth_testcase" time="0.002"/>
  <testcase classname="testNGDemo.TestScenario5" name="first_testcase" time="0.002"/>
  <testcase classname="testNGDemo.TestScenario5" name="forth_testcase" time="0.0"/>
  <testcase classname="testNGDemo.TestScenario5" name="second_testcase" time="0.002"/>
  <testcase classname="testNGDemo.TestScenario5" name="seventh_testcase" time="0.002"/>
  <testcase classname="testNGDemo.TestScenario5" name="sixth_testcase" time="0.0"/>
  <testcase classname="testNGDemo.TestScenario5" name="third_testcase" time="0.003"/>
  <testcase classname="testNGDemo.TestScenario4" name="fifth_testcase" time="0.004"/>
  <testcase classname="testNGDemo.TestScenario4" name="first_testcase" time="0.004"/>
  <testcase classname="testNGDemo.TestScenario4" name="forth_testcase" time="0.002"/>
  <testcase classname="testNGDemo.TestScenario4" name="second_testcase" time="0.004"/>
  <testcase classname="testNGDemo.TestScenario4" name="seventh_testcase" time="0.002"/>
  <testcase classname="testNGDemo.TestScenario4" name="sixth_testcase" time="0.001"/>
  <testcase classname="testNGDemo.TestScenario4" name="third_testcase" time="0.002"/>
  <testcase classname="testNGDemo.TestScenario3" name="fifth_testcase" time="0.002"/>
  <testcase classname="testNGDemo.TestScenario3" name="first_testcase" time="0.001"/>
  <testcase classname="testNGDemo.TestScenario3" name="second_testcase" time="0.002"/>
  <testcase classname="testNGDemo.TestScenario3" name="seventh_testcase" time="0.001"/>
  <testcase classname="testNGDemo.TestScenario3" name="sixth_testcase" time="0.001"/>
  <testcase classname="testNGDemo.TestScenario3" name="third_testcase" time="0.001"/>
  <testcase classname="testNGDemo.TestScenario3" name="forth_testcase" time="0.002"/>
  <testcase classname="testNGDemo.TestScenario2" name="fifth_testcase" time="0.002"/>
  <testcase classname="testNGDemo.TestScenario2" name="first_testcase" time="0.004"/>
  <testcase classname="testNGDemo.TestScenario2" name="forth_testcase" time="0.002"/>
  <testcase classname="testNGDemo.TestScenario2" name="second_testcase" time="0.001"/>
  <testcase classname="testNGDemo.TestScenario2" name="seventh_testcase" time="0.002"/>
  <testcase classname="testNGDemo.TestScenario2" name="sixth_testcase" time="0.002"/>
  <testcase classname="testNGDemo.TestScenario2" name="third_testcase" time="0.002"/>
  <testcase classname="testNGDemo.TestScenario1" name="seventh_testcase" time="0.002"/>
  <testcase classname="testNGDemo.TestScenario1" name="sixth_testcase" time="0.002"/>
  <testcase classname="testNGDemo.TestScenario1" name="fifth_testcase" time="0.004"/>
  <testcase classname="testNGDemo.TestScenario1" name="forth_testcase" time="0.001"/>
  <testcase classname="testNGDemo.TestScenario1" name="first_testcase" time="0.001">
    <failure type="java.lang.AssertionError" message="this validation failed expected [false] but found [true]">
      <![CDATA[java.lang.AssertionError: this validation failed expected [false] but found [true]
at testNGDemo.TestScenario1.first_testcase(TestScenario1.java:16)
at java.base/java.util.ArrayList.forEach(ArrayList.java:1511)
... Removed 33 stack frames]]>
    </failure>
  </testcase> <!-- first_testcase -->
  <testcase classname="testNGDemo.TestScenario1" name="second_testcase" time="0.002"/>
  <testcase classname="testNGDemo.TestScenario1" name="third_testcase" time="0.001"/>
  <testcase classname="testNGDemo.TestScenario10" name="fifth_testcase" time="0.001"/>
  <testcase classname="testNGDemo.TestScenario10" name="first_testcase" time="0.002"/>
  <testcase classname="testNGDemo.TestScenario10" name="forth_testcase" time="0.002"/>
  <testcase classname="testNGDemo.TestScenario10" name="second_testcase" time="0.001"/>
  <testcase classname="testNGDemo.TestScenario10" name="seventh_testcase" time="0.002"/>
  <testcase classname="testNGDemo.TestScenario10" name="sixth_testcase" time="0.001"/>
  <testcase classname="testNGDemo.TestScenario10" name="third_testcase" time="0.001"/>
  <testcase classname="testNGDemo.TestScenario9" name="fifth_testcase" time="0.002"/>
  <testcase classname="testNGDemo.TestScenario9" name="first_testcase" time="0.001"/>
  <testcase classname="testNGDemo.TestScenario9" name="forth_testcase" time="0.002"/>
  <testcase classname="testNGDemo.TestScenario9" name="second_testcase" time="0.001"/>
  <testcase classname="testNGDemo.TestScenario9" name="seventh_testcase" time="0.002"/>
  <testcase classname="testNGDemo.TestScenario9" name="sixth_testcase" time="0.003"/>
  <testcase classname="testNGDemo.TestScenario9" name="third_testcase" time="0.002"/>
  <testcase classname="testNGDemo.TestScenario11" name="fifth_testcase" time="0.002"/>
  <testcase classname="testNGDemo.TestScenario11" name="first_testcase" time="0.002"/>
  <testcase classname="testNGDemo.TestScenario11" name="forth_testcase" time="0.001"/>
  <testcase classname="testNGDemo.TestScenario11" name="second_testcase" time="0.001"/>
  <testcase classname="testNGDemo.TestScenario11" name="seventh_testcase" time="0.001"/>
  <testcase classname="testNGDemo.TestScenario11" name="sixth_testcase" time="0.001"/>
  <testcase classname="testNGDemo.TestScenario11" name="third_testcase" time="0.001"/>
  <testcase classname="testNGDemo.TestScenario12" name="fifth_testcase" time="0.001"/>
  <testcase classname="testNGDemo.TestScenario12" name="first_testcase" time="0.001"/>
  <testcase classname="testNGDemo.TestScenario12" name="forth_testcase" time="0.0"/>
  <testcase classname="testNGDemo.TestScenario12" name="second_testcase" time="0.001"/>
  <testcase classname="testNGDemo.TestScenario12" name="seventh_testcase" time="0.002"/>
  <testcase classname="testNGDemo.TestScenario12" name="sixth_testcase" time="0.004">
    <failure type="java.lang.AssertionError" message="expected [Hello1] but found [Hello]">
      <![CDATA[java.lang.AssertionError: expected [Hello1] but found [Hello]
at testNGDemo.TestScenario12.sixth_testcase(TestScenario12.java:45)
at java.base/java.util.ArrayList.forEach(ArrayList.java:1511)
... Removed 33 stack frames]]>
    </failure>
  </testcase> <!-- sixth_testcase -->
  <testcase classname="testNGDemo.TestScenario12" name="third_testcase" time="0.002"/>
  <testcase classname="testNGDemo.TestScenario8" name="fifth_testcase" time="0.003"/>
  <testcase classname="testNGDemo.TestScenario8" name="first_testcase" time="0.002"/>
  <testcase classname="testNGDemo.TestScenario8" name="forth_testcase" time="0.001"/>
  <testcase classname="testNGDemo.TestScenario8" name="second_testcase" time="0.001"/>
  <testcase classname="testNGDemo.TestScenario8" name="seventh_testcase" time="0.001"/>
  <testcase classname="testNGDemo.TestScenario8" name="sixth_testcase" time="0.001"/>
  <testcase classname="testNGDemo.TestScenario8" name="third_testcase" time="0.001"/>
  <testcase classname="org.xyz.automation.uo.KeyboardMouse" name="handleFrames" time="12.218"/>
  <testcase classname="org.xyz.automation.uo.KeyboardMouse" name="keyboardhandle" time="0.0">
    <ignored/>
  </testcase> <!-- keyboardhandle -->
  <testcase classname="org.xyz.automation.uo.KeyboardMouse" name="mousehandling" time="0.0">
    <ignored/>
  </testcase> <!-- mousehandling -->
  <testcase classname="org.xyz.automation.uo.KeyboardMouse" name="handleAlerts" time="0.0">
    <ignored/>
  </testcase> <!-- handleAlerts -->
</testsuite> <!-- Test -->
