<?xml version="1.0" encoding="UTF-8"?>
<!-- Generated by org.testng.reporters.JUnitXMLReporter -->
<testsuite ignored="18" hostname="DESKTOP-DJ4FDME" failures="3" tests="3" name="Test(failed)" time="0.163" errors="0" timestamp="2024-09-20T08:19:24 IST">
  <testcase classname="testNGDemo.TestScenario12" name="sixth_testcase" time="0.036">
    <failure type="java.lang.AssertionError" message="expected [Hello1] but found [Hello]">
      <![CDATA[java.lang.AssertionError: expected [Hello1] but found [Hello]
at testNGDemo.TestScenario12.sixth_testcase(TestScenario12.java:45)
at java.base/java.util.ArrayList.forEach(ArrayList.java:1511)
... Removed 33 stack frames]]>
    </failure>
  </testcase> <!-- sixth_testcase -->
  <testcase classname="testNGDemo.TestScenario1" name="first_testcase" time="0.004">
    <failure type="java.lang.AssertionError" message="this validation failed expected [false] but found [true]">
      <![CDATA[java.lang.AssertionError: this validation failed expected [false] but found [true]
at testNGDemo.TestScenario1.first_testcase(TestScenario1.java:16)
at java.base/java.util.ArrayList.forEach(ArrayList.java:1511)
... Removed 33 stack frames]]>
    </failure>
  </testcase> <!-- first_testcase -->
  <testcase classname="testNGDemo.TestScenario7" name="seventh_testcase" time="0.002">
    <failure type="java.lang.AssertionError" message="expected [Hello1] but found [Hello]">
      <![CDATA[java.lang.AssertionError: expected [Hello1] but found [Hello]
at testNGDemo.TestScenario7.seventh_testcase(TestScenario7.java:49)
at java.base/java.util.ArrayList.forEach(ArrayList.java:1511)
... Removed 33 stack frames]]>
    </failure>
  </testcase> <!-- seventh_testcase -->
  <testcase classname="testNGDemo.TestScenario1" name="third_testcase" time="0.0">
    <ignored/>
  </testcase> <!-- third_testcase -->
  <testcase classname="testNGDemo.TestScenario7" name="third_testcase" time="0.0">
    <ignored/>
  </testcase> <!-- third_testcase -->
  <testcase classname="testNGDemo.TestScenario12" name="second_testcase" time="0.0">
    <ignored/>
  </testcase> <!-- second_testcase -->
  <testcase classname="testNGDemo.TestScenario7" name="sixth_testcase" time="0.0">
    <ignored/>
  </testcase> <!-- sixth_testcase -->
  <testcase classname="testNGDemo.TestScenario7" name="fifth_testcase" time="0.0">
    <ignored/>
  </testcase> <!-- fifth_testcase -->
  <testcase classname="testNGDemo.TestScenario1" name="seventh_testcase" time="0.0">
    <ignored/>
  </testcase> <!-- seventh_testcase -->
  <testcase classname="testNGDemo.TestScenario1" name="sixth_testcase" time="0.0">
    <ignored/>
  </testcase> <!-- sixth_testcase -->
  <testcase classname="testNGDemo.TestScenario1" name="fifth_testcase" time="0.0">
    <ignored/>
  </testcase> <!-- fifth_testcase -->
  <testcase classname="testNGDemo.TestScenario12" name="third_testcase" time="0.0">
    <ignored/>
  </testcase> <!-- third_testcase -->
  <testcase classname="testNGDemo.TestScenario12" name="first_testcase" time="0.0">
    <ignored/>
  </testcase> <!-- first_testcase -->
  <testcase classname="testNGDemo.TestScenario12" name="forth_testcase" time="0.0">
    <ignored/>
  </testcase> <!-- forth_testcase -->
  <testcase classname="testNGDemo.TestScenario1" name="second_testcase" time="0.0">
    <ignored/>
  </testcase> <!-- second_testcase -->
  <testcase classname="testNGDemo.TestScenario7" name="forth_testcase" time="0.0">
    <ignored/>
  </testcase> <!-- forth_testcase -->
  <testcase classname="testNGDemo.TestScenario12" name="seventh_testcase" time="0.0">
    <ignored/>
  </testcase> <!-- seventh_testcase -->
  <testcase classname="testNGDemo.TestScenario12" name="fifth_testcase" time="0.0">
    <ignored/>
  </testcase> <!-- fifth_testcase -->
  <testcase classname="testNGDemo.TestScenario7" name="first_testcase" time="0.0">
    <ignored/>
  </testcase> <!-- first_testcase -->
  <testcase classname="testNGDemo.TestScenario1" name="forth_testcase" time="0.0">
    <ignored/>
  </testcase> <!-- forth_testcase -->
  <testcase classname="testNGDemo.TestScenario7" name="second_testcase" time="0.0">
    <ignored/>
  </testcase> <!-- second_testcase -->
</testsuite> <!-- Test(failed) -->
