<?xml version="1.0" encoding="UTF-8"?>
<testsuite name="Test"
           tests="7"
           failures="0"
           errors="0"
           skipped="0"
           time="0.013">
  <properties />
  
  
            <testcase name="first_testcase" time="0.001" classname="testNGDemo.TestScenario9" />
                <testcase name="second_testcase" time="0.001" classname="testNGDemo.TestScenario9" />
                <testcase name="seventh_testcase" time="0.002" classname="testNGDemo.TestScenario9" />
                <testcase name="fifth_testcase" time="0.002" classname="testNGDemo.TestScenario9" />
                <testcase name="third_testcase" time="0.002" classname="testNGDemo.TestScenario9" />
                <testcase name="sixth_testcase" time="0.003" classname="testNGDemo.TestScenario9" />
                <testcase name="forth_testcase" time="0.002" classname="testNGDemo.TestScenario9" />
      
</testsuite>
