<?xml version="1.0" encoding="UTF-8"?>
<testng-results ignored="0" total="3" passed="3" failed="0" skipped="0">
  <reporter-output>
  </reporter-output>
  <suite started-at="2024-10-11T08:14:05 IST" name="Default suite" finished-at="2024-10-11T08:14:58 IST" duration-ms="52909">
    <groups>
    </groups>
    <test started-at="2024-10-11T08:14:05 IST" name="Default test" finished-at="2024-10-11T08:14:58 IST" duration-ms="52909">
      <class name="org.wipro.automation.uo.testcases.SignupScenario">
        <test-method is-config="true" signature="launchBrowser()[pri:0, instance:org.wipro.automation.uo.testcases.SignupScenario@f0c8a99]" started-at="2024-10-11T08:14:05 IST" name="launchBrowser" finished-at="2024-10-11T08:14:11 IST" duration-ms="6038" status="PASS">
          <reporter-output>
          </reporter-output>
        </test-method> <!-- launchBrowser -->
        <test-method signature="tc002_signupvalidation_validcredentail(java.lang.String,java.lang.String)[pri:0, instance:org.wipro.automation.uo.testcases.SignupScenario@f0c8a99]" started-at="2024-10-11T08:14:11 IST" name="tc002_signupvalidation_validcredentail" data-provider="static1" finished-at="2024-10-11T08:14:14 IST" duration-ms="3116" status="PASS">
          <params>
            <param index="0">
              <value>
                <![CDATA[fname1]]>
              </value>
            </param>
            <param index="1">
              <value>
                <![CDATA[10]]>
              </value>
            </param>
          </params>
          <reporter-output>
          </reporter-output>
        </test-method> <!-- tc002_signupvalidation_validcredentail -->
        <test-method is-config="true" signature="closeBrowser()[pri:0, instance:org.wipro.automation.uo.testcases.SignupScenario@f0c8a99]" started-at="2024-10-11T08:14:14 IST" name="closeBrowser" finished-at="2024-10-11T08:14:15 IST" duration-ms="1494" status="PASS">
          <reporter-output>
          </reporter-output>
        </test-method> <!-- closeBrowser -->
        <test-method is-config="true" signature="launchBrowser()[pri:0, instance:org.wipro.automation.uo.testcases.SignupScenario@f0c8a99]" started-at="2024-10-11T08:14:15 IST" name="launchBrowser" finished-at="2024-10-11T08:14:20 IST" duration-ms="5020" status="PASS">
          <reporter-output>
          </reporter-output>
        </test-method> <!-- launchBrowser -->
        <test-method signature="tc002_signupvalidation_validcredentail(java.lang.String,java.lang.String)[pri:0, instance:org.wipro.automation.uo.testcases.SignupScenario@f0c8a99]" started-at="2024-10-11T08:14:20 IST" name="tc002_signupvalidation_validcredentail" data-provider="static1" finished-at="2024-10-11T08:14:28 IST" duration-ms="8078" status="PASS">
          <params>
            <param index="0">
              <value>
                <![CDATA[fname2]]>
              </value>
            </param>
            <param index="1">
              <value>
                <![CDATA[11]]>
              </value>
            </param>
          </params>
          <reporter-output>
          </reporter-output>
        </test-method> <!-- tc002_signupvalidation_validcredentail -->
        <test-method is-config="true" signature="closeBrowser()[pri:0, instance:org.wipro.automation.uo.testcases.SignupScenario@f0c8a99]" started-at="2024-10-11T08:14:28 IST" name="closeBrowser" finished-at="2024-10-11T08:14:32 IST" duration-ms="3542" status="PASS">
          <reporter-output>
          </reporter-output>
        </test-method> <!-- closeBrowser -->
        <test-method is-config="true" signature="launchBrowser()[pri:0, instance:org.wipro.automation.uo.testcases.SignupScenario@f0c8a99]" started-at="2024-10-11T08:14:32 IST" name="launchBrowser" finished-at="2024-10-11T08:14:48 IST" duration-ms="15673" status="PASS">
          <reporter-output>
          </reporter-output>
        </test-method> <!-- launchBrowser -->
        <test-method signature="tc002_signupvalidation_validcredentail(java.lang.String,java.lang.String)[pri:0, instance:org.wipro.automation.uo.testcases.SignupScenario@f0c8a99]" started-at="2024-10-11T08:14:48 IST" name="tc002_signupvalidation_validcredentail" data-provider="static1" finished-at="2024-10-11T08:14:55 IST" duration-ms="6910" status="PASS">
          <params>
            <param index="0">
              <value>
                <![CDATA[fname3]]>
              </value>
            </param>
            <param index="1">
              <value>
                <![CDATA[12]]>
              </value>
            </param>
          </params>
          <reporter-output>
          </reporter-output>
        </test-method> <!-- tc002_signupvalidation_validcredentail -->
        <test-method is-config="true" signature="closeBrowser()[pri:0, instance:org.wipro.automation.uo.testcases.SignupScenario@f0c8a99]" started-at="2024-10-11T08:14:55 IST" name="closeBrowser" finished-at="2024-10-11T08:14:58 IST" duration-ms="2853" status="PASS">
          <reporter-output>
          </reporter-output>
        </test-method> <!-- closeBrowser -->
      </class> <!-- org.wipro.automation.uo.testcases.SignupScenario -->
    </test> <!-- Default test -->
  </suite> <!-- Default suite -->
</testng-results>
