<?xml version="1.0" encoding="UTF-8"?>
<testng-results ignored="0" total="1" passed="1" failed="0" skipped="0">
  <reporter-output>
  </reporter-output>
  <suite started-at="2024-10-10T08:21:49 IST" name="Default suite" finished-at="2024-10-10T08:21:58 IST" duration-ms="8927">
    <groups>
    </groups>
    <test started-at="2024-10-10T08:21:49 IST" name="Default test" finished-at="2024-10-10T08:21:58 IST" duration-ms="8927">
      <class name="org.wipro.automation.uo.testcases.SignupScenario">
        <test-method is-config="true" signature="launchBrowser()[pri:0, instance:org.wipro.automation.uo.testcases.SignupScenario@f0c8a99]" started-at="2024-10-10T08:21:49 IST" name="launchBrowser" finished-at="2024-10-10T08:21:55 IST" duration-ms="5670" status="PASS">
          <reporter-output>
          </reporter-output>
        </test-method> <!-- launchBrowser -->
        <test-method signature="tc002_signupvalidation_validcredentail()[pri:0, instance:org.wipro.automation.uo.testcases.SignupScenario@f0c8a99]" started-at="2024-10-10T08:21:55 IST" name="tc002_signupvalidation_validcredentail" finished-at="2024-10-10T08:21:58 IST" duration-ms="3184" status="PASS">
          <reporter-output>
          </reporter-output>
        </test-method> <!-- tc002_signupvalidation_validcredentail -->
        <test-method is-config="true" signature="closeBrowser()[pri:0, instance:org.wipro.automation.uo.testcases.SignupScenario@f0c8a99]" started-at="2024-10-10T08:21:58 IST" name="closeBrowser" finished-at="2024-10-10T08:21:58 IST" duration-ms="1" status="PASS">
          <reporter-output>
          </reporter-output>
        </test-method> <!-- closeBrowser -->
      </class> <!-- org.wipro.automation.uo.testcases.SignupScenario -->
    </test> <!-- Default test -->
  </suite> <!-- Default suite -->
</testng-results>
